Features:
- ps_ind_01
- ps_ind_03
- ps_ind_06_bin
- ps_ind_07_bin
- ps_ind_08_bin
- ps_ind_09_bin
- ps_ind_10_bin
- ps_ind_11_bin
- ps_ind_12_bin
- ps_ind_13_bin
- ps_ind_14
- ps_ind_15
- ps_ind_16_bin
- ps_ind_17_bin
- ps_ind_18_bin
- ps_reg_01
- ps_reg_02
- ps_reg_03
- ps_car_11
- ps_car_12
- ps_car_13
- ps_car_14
- ps_car_15
- made_count_ps_ind_02_cat
- made_count_ps_ind_04_cat
- made_count_ps_ind_05_cat
- made_count_ps_car_01_cat
- made_count_ps_car_02_cat
- made_count_ps_car_03_cat
- made_count_ps_car_04_cat
- made_count_ps_car_05_cat
- made_count_ps_car_06_cat
- made_count_ps_car_07_cat
- made_count_ps_car_08_cat
- made_count_ps_car_09_cat
- made_count_ps_car_10_cat
- made_count_ps_car_11_cat
- made_target_avg_ps_ind_02_cat
- made_target_avg_ps_ind_04_cat
- made_target_avg_ps_ind_05_cat
- made_target_avg_ps_car_01_cat
- made_target_avg_ps_car_02_cat
- made_target_avg_ps_car_03_cat
- made_target_avg_ps_car_04_cat
- made_target_avg_ps_car_05_cat
- made_target_avg_ps_car_06_cat
- made_target_avg_ps_car_07_cat
- made_target_avg_ps_car_08_cat
- made_target_avg_ps_car_09_cat
- made_target_avg_ps_car_10_cat
- made_target_avg_ps_car_11_cat
- ps_ind_02_cat_1
- ps_ind_02_cat_2
- ps_ind_02_cat_3
- ps_ind_02_cat_4
- ps_ind_04_cat_0
- ps_ind_04_cat_1
- ps_ind_05_cat_0
- ps_ind_05_cat_1
- ps_ind_05_cat_2
- ps_ind_05_cat_3
- ps_ind_05_cat_4
- ps_ind_05_cat_5
- ps_ind_05_cat_6
- ps_car_01_cat_0
- ps_car_01_cat_1
- ps_car_01_cat_2
- ps_car_01_cat_3
- ps_car_01_cat_4
- ps_car_01_cat_5
- ps_car_01_cat_6
- ps_car_01_cat_7
- ps_car_01_cat_8
- ps_car_01_cat_9
- ps_car_01_cat_10
- ps_car_01_cat_11
- ps_car_02_cat_0
- ps_car_02_cat_1
- ps_car_03_cat_-1
- ps_car_03_cat_0
- ps_car_03_cat_1
- ps_car_04_cat_0
- ps_car_04_cat_1
- ps_car_04_cat_2
- ps_car_04_cat_3
- ps_car_04_cat_4
- ps_car_04_cat_5
- ps_car_04_cat_6
- ps_car_04_cat_7
- ps_car_04_cat_8
- ps_car_04_cat_9
- ps_car_05_cat_-1
- ps_car_05_cat_0
- ps_car_05_cat_1
- ps_car_06_cat_0
- ps_car_06_cat_1
- ps_car_06_cat_2
- ps_car_06_cat_3
- ps_car_06_cat_4
- ps_car_06_cat_5
- ps_car_06_cat_6
- ps_car_06_cat_7
- ps_car_06_cat_8
- ps_car_06_cat_9
- ps_car_06_cat_10
- ps_car_06_cat_11
- ps_car_06_cat_12
- ps_car_06_cat_13
- ps_car_06_cat_14
- ps_car_06_cat_15
- ps_car_06_cat_16
- ps_car_06_cat_17
- ps_car_07_cat_0
- ps_car_07_cat_1
- ps_car_08_cat_0
- ps_car_08_cat_1
- ps_car_09_cat_0
- ps_car_09_cat_1
- ps_car_09_cat_2
- ps_car_09_cat_3
- ps_car_09_cat_4
- ps_car_10_cat_0
- ps_car_10_cat_1
- ps_car_10_cat_2
- ps_car_11_cat_1
- ps_car_11_cat_2
- ps_car_11_cat_3
- ps_car_11_cat_4
- ps_car_11_cat_5
- ps_car_11_cat_6
- ps_car_11_cat_7
- ps_car_11_cat_8
- ps_car_11_cat_9
- ps_car_11_cat_10
- ps_car_11_cat_11
- ps_car_11_cat_12
- ps_car_11_cat_13
- ps_car_11_cat_14
- ps_car_11_cat_15
- ps_car_11_cat_16
- ps_car_11_cat_17
- ps_car_11_cat_18
- ps_car_11_cat_19
- ps_car_11_cat_20
- ps_car_11_cat_21
- ps_car_11_cat_22
- ps_car_11_cat_23
- ps_car_11_cat_24
- ps_car_11_cat_25
- ps_car_11_cat_26
- ps_car_11_cat_27
- ps_car_11_cat_28
- ps_car_11_cat_29
- ps_car_11_cat_30
- ps_car_11_cat_31
- ps_car_11_cat_32
- ps_car_11_cat_33
- ps_car_11_cat_34
- ps_car_11_cat_35
- ps_car_11_cat_36
- ps_car_11_cat_37
- ps_car_11_cat_38
- ps_car_11_cat_39
- ps_car_11_cat_40
- ps_car_11_cat_41
- ps_car_11_cat_42
- ps_car_11_cat_43
- ps_car_11_cat_44
- ps_car_11_cat_45
- ps_car_11_cat_46
- ps_car_11_cat_47
- ps_car_11_cat_48
- ps_car_11_cat_49
- ps_car_11_cat_50
- ps_car_11_cat_51
- ps_car_11_cat_52
- ps_car_11_cat_53
- ps_car_11_cat_54
- ps_car_11_cat_55
- ps_car_11_cat_56
- ps_car_11_cat_57
- ps_car_11_cat_58
- ps_car_11_cat_59
- ps_car_11_cat_60
- ps_car_11_cat_61
- ps_car_11_cat_62
- ps_car_11_cat_63
- ps_car_11_cat_64
- ps_car_11_cat_65
- ps_car_11_cat_66
- ps_car_11_cat_67
- ps_car_11_cat_68
- ps_car_11_cat_69
- ps_car_11_cat_70
- ps_car_11_cat_71
- ps_car_11_cat_72
- ps_car_11_cat_73
- ps_car_11_cat_74
- ps_car_11_cat_75
- ps_car_11_cat_76
- ps_car_11_cat_77
- ps_car_11_cat_78
- ps_car_11_cat_79
- ps_car_11_cat_80
- ps_car_11_cat_81
- ps_car_11_cat_82
- ps_car_11_cat_83
- ps_car_11_cat_84
- ps_car_11_cat_85
- ps_car_11_cat_86
- ps_car_11_cat_87
- ps_car_11_cat_88
- ps_car_11_cat_89
- ps_car_11_cat_90
- ps_car_11_cat_91
- ps_car_11_cat_92
- ps_car_11_cat_93
- ps_car_11_cat_94
- ps_car_11_cat_95
- ps_car_11_cat_96
- ps_car_11_cat_97
- ps_car_11_cat_98
- ps_car_11_cat_99
- ps_car_11_cat_100
- ps_car_11_cat_101
- ps_car_11_cat_102
- ps_car_11_cat_103
- ps_car_11_cat_104
- made_high_diff_corr_pca_ps_ind_03_ps_ind_02_cat_2
- made_high_diff_corr_pca_ps_ind_03_ps_ind_02_cat_1
- made_high_diff_corr_pca_ps_ind_06_bin_ps_ind_09_bin
- made_high_diff_corr_pca_ps_ind_07_bin_ps_ind_08_bin
- made_high_diff_corr_pca_ps_car_06_cat_15_ps_car_11_cat_41
- made_sum_of_na

Parameters:
- loss_function: Logloss
- thread_count: 2
- leaf_estimation_method: Newton
- store_all_simple_ctr: False
- od_wait: 20
- verbose: True
- feature_border_type: MinEntropy
- has_time: False
- learning_rate: 0.057
- random_seed: 41
- od_type: IncToDec
- rsm: 1
- name: experiment
- iterations: 10000
- bagging_temperature: 1
- random_strength: 1
- use_best_model: True
- od_pval: 0.01
- l2_leaf_reg: 23
- depth: 6

- Fold 1/5 score: 0.284289
- Fold 2/5 score: 0.278305
- Fold 3/5 score: 0.291033
- Fold 4/5 score: 0.282794
- Fold 5/5 score: 0.277857
- Mean score: 0.282856
